<html>
<head>
<title>TestNG:  Surefire test</title>
<link href="../testng.css" rel="stylesheet" type="text/css" />
<link href="../my-testng.css" rel="stylesheet" type="text/css" />

<style type="text/css">
.log { display: none;} 
.stack-trace { display: none;} 
</style>
<script type="text/javascript">
<!--
function flip(e) {
  current = e.style.display;
  if (current == 'block') {
    e.style.display = 'none';
    return 0;
  }
  else {
    e.style.display = 'block';
    return 1;
  }
}

function toggleBox(szDivId, elem, msg1, msg2)
{
  var res = -1;  if (document.getElementById) {
    res = flip(document.getElementById(szDivId));
  }
  else if (document.all) {
    // this is the way old msie versions work
    res = flip(document.all[szDivId]);
  }
  if(elem) {
    if(res == 0) elem.innerHTML = msg1; else elem.innerHTML = msg2;
  }

}

function toggleAllBoxes() {
  if (document.getElementsByTagName) {
    d = document.getElementsByTagName('div');
    for (i = 0; i < d.length; i++) {
      if (d[i].className == 'log') {
        flip(d[i]);
      }
    }
  }
}

// -->
</script>

</head>
<body>
<h2 align='center'>Surefire test</h2><table border='1' align="center">
<tr>
<td>Tests passed/Failed/Skipped:</td><td>0/0/0</td>
</tr><tr>
<td>Started on:</td><td>Sat Apr 01 10:58:28 EDT 2023</td>
</tr>
<tr><td>Total time:</td><td>0 seconds (376 ms)</td>
</tr><tr>
<td>Included groups:</td><td></td>
</tr><tr>
<td>Excluded groups:</td><td></td>
</tr>
</table><p/>
<small><i>(Hover the method name to see the test class name)</i></small><p/>
<table width='100%' border='1' class='invocation-failed'>
<tr><td colspan='4' align='center'><b>FAILED CONFIGURATIONS</b></td></tr>
<tr><td><b>Test method</b></td>
<td><b>Attribute(s)</b></td>
<td width="30%"><b>Exception</b></td>
<td width="10%"><b>Time (seconds)</b></td>
<td><b>Instance</b></td>
</tr>
<tr>
<td title='TestRunner.setUpClass()'><b>setUpClass</b><br>Test class: TestRunner<br>Parameters: org.testng.TestRunner@1ada9581</td>
<td><div><pre>io.cucumber.core.gherkin.FeatureParserException: Failed to parse resource at: file:///C:/Users/panka/git/CBDD_sp8/src/test/java/features/signup.feature
(3:3): expected: #TagLine, #RuleLine, #Comment, #Empty, got &apos;Scenario : User should be able to create a new account&apos;
(4:5): expected: #TagLine, #RuleLine, #Comment, #Empty, got &apos;Given user should be on TalentTEK homepage&apos;
(5:5): expected: #TagLine, #RuleLine, #Comment, #Empty, got &apos;And User click on the &quot;Create new account&quot; button&apos;
(6:5): expected: #TagLine, #RuleLine, #Comment, #Empty, got &apos;And User enter First and last name&apos;
(7:5): expected: #TagLine, #RuleLine, #Comment, #Empty, got &apos;And User enter email address&apos;
(8:5): expected: #TagLine, #RuleLine, #Comment, #Empty, got &apos;And User enter Password and Confirm password&apos;
(9:5): expected: #TagLine, #RuleLine, #Comment, #Empty, got &apos;And User enter month under Birthdate&apos;
(10:5): expected: #TagLine, #RuleLine, #Comment, #Empty, got &apos;And User enter date under Birthdate&apos;
(11:5): expected: #TagLine, #RuleLine, #Comment, #Empty, got &apos;And User enter year under Birthdate&apos;
(12:5): expected: #TagLine, #RuleLine, #Comment, #Empty, got &apos;And User select Gender as &quot;female&quot;&apos;
(13:5): expected: #TagLine, #RuleLine, #Comment, #Empty, got &apos;And User select to agree term and condition checkbox&apos;
	at io.cucumber.core.gherkin.messages.GherkinMessagesFeatureParser.parse(GherkinMessagesFeatureParser.java:56)
	at io.cucumber.core.feature.FeatureParser.parseResource(FeatureParser.java:46)
	at java.base/java.util.function.BiFunction.lambda$andThen$0(BiFunction.java:70)
	at io.cucumber.core.resource.ResourceScanner.lambda$processResource$1(ResourceScanner.java:79)
	at io.cucumber.core.resource.PathScanner$ResourceFileVisitor.visitFile(PathScanner.java:75)
	at io.cucumber.core.resource.PathScanner$ResourceFileVisitor.visitFile(PathScanner.java:60)
	at java.base/java.nio.file.Files.walkFileTree(Files.java:2811)
	at io.cucumber.core.resource.PathScanner.findResourcesForPath(PathScanner.java:53)
	at io.cucumber.core.resource.PathScanner.findResourcesForUri(PathScanner.java:31)
	at io.cucumber.core.resource.ResourceScanner.findResourcesForUri(ResourceScanner.java:61)
	at io.cucumber.core.resource.ResourceScanner.scanForResourcesUri(ResourceScanner.java:134)
	at io.cucumber.core.runtime.FeaturePathFeatureSupplier.loadFeatures(FeaturePathFeatureSupplier.java:62)
	at io.cucumber.core.runtime.FeaturePathFeatureSupplier.get(FeaturePathFeatureSupplier.java:45)
	at io.cucumber.testng.TestNGCucumberRunner.&lt;init&gt;(TestNGCucumberRunner.java:122)
	at io.cucumber.testng.AbstractTestNGCucumberTests.setUpClass(AbstractTestNGCucumberTests.java:27)
	at java.base/java.util.concurrent.ThreadPoolExecutor.runWorker(ThreadPoolExecutor.java:1136)
	at java.base/java.util.concurrent.ThreadPoolExecutor$Worker.run(ThreadPoolExecutor.java:635)
	at java.base/java.lang.Thread.run(Thread.java:833)
... Removed 10 stack frames</pre></div><a href='#' onClick='toggleBox("stack-trace425502720", this, "Click to show all stack frames", "Click to hide stack frames")'>Click to show all stack frames</a>
<div class='stack-trace' id='stack-trace425502720'><pre>io.cucumber.core.gherkin.FeatureParserException: Failed to parse resource at: file:///C:/Users/panka/git/CBDD_sp8/src/test/java/features/signup.feature
(3:3): expected: #TagLine, #RuleLine, #Comment, #Empty, got &apos;Scenario : User should be able to create a new account&apos;
(4:5): expected: #TagLine, #RuleLine, #Comment, #Empty, got &apos;Given user should be on TalentTEK homepage&apos;
(5:5): expected: #TagLine, #RuleLine, #Comment, #Empty, got &apos;And User click on the &quot;Create new account&quot; button&apos;
(6:5): expected: #TagLine, #RuleLine, #Comment, #Empty, got &apos;And User enter First and last name&apos;
(7:5): expected: #TagLine, #RuleLine, #Comment, #Empty, got &apos;And User enter email address&apos;
(8:5): expected: #TagLine, #RuleLine, #Comment, #Empty, got &apos;And User enter Password and Confirm password&apos;
(9:5): expected: #TagLine, #RuleLine, #Comment, #Empty, got &apos;And User enter month under Birthdate&apos;
(10:5): expected: #TagLine, #RuleLine, #Comment, #Empty, got &apos;And User enter date under Birthdate&apos;
(11:5): expected: #TagLine, #RuleLine, #Comment, #Empty, got &apos;And User enter year under Birthdate&apos;
(12:5): expected: #TagLine, #RuleLine, #Comment, #Empty, got &apos;And User select Gender as &quot;female&quot;&apos;
(13:5): expected: #TagLine, #RuleLine, #Comment, #Empty, got &apos;And User select to agree term and condition checkbox&apos;
	at io.cucumber.core.gherkin.messages.GherkinMessagesFeatureParser.parse(GherkinMessagesFeatureParser.java:56)
	at io.cucumber.core.feature.FeatureParser.parseResource(FeatureParser.java:46)
	at java.base/java.util.function.BiFunction.lambda$andThen$0(BiFunction.java:70)
	at io.cucumber.core.resource.ResourceScanner.lambda$processResource$1(ResourceScanner.java:79)
	at io.cucumber.core.resource.PathScanner$ResourceFileVisitor.visitFile(PathScanner.java:75)
	at io.cucumber.core.resource.PathScanner$ResourceFileVisitor.visitFile(PathScanner.java:60)
	at java.base/java.nio.file.Files.walkFileTree(Files.java:2811)
	at io.cucumber.core.resource.PathScanner.findResourcesForPath(PathScanner.java:53)
	at io.cucumber.core.resource.PathScanner.findResourcesForUri(PathScanner.java:31)
	at io.cucumber.core.resource.ResourceScanner.findResourcesForUri(ResourceScanner.java:61)
	at io.cucumber.core.resource.ResourceScanner.scanForResourcesUri(ResourceScanner.java:134)
	at io.cucumber.core.runtime.FeaturePathFeatureSupplier.loadFeatures(FeaturePathFeatureSupplier.java:62)
	at io.cucumber.core.runtime.FeaturePathFeatureSupplier.get(FeaturePathFeatureSupplier.java:45)
	at io.cucumber.testng.TestNGCucumberRunner.&lt;init&gt;(TestNGCucumberRunner.java:122)
	at io.cucumber.testng.AbstractTestNGCucumberTests.setUpClass(AbstractTestNGCucumberTests.java:27)
	at java.base/jdk.internal.reflect.NativeMethodAccessorImpl.invoke0(Native Method)
	at java.base/jdk.internal.reflect.NativeMethodAccessorImpl.invoke(NativeMethodAccessorImpl.java:77)
	at java.base/jdk.internal.reflect.DelegatingMethodAccessorImpl.invoke(DelegatingMethodAccessorImpl.java:43)
	at java.base/java.lang.reflect.Method.invoke(Method.java:568)
	at org.testng.internal.invokers.MethodInvocationHelper.invokeMethod(MethodInvocationHelper.java:139)
	at org.testng.internal.invokers.MethodInvocationHelper.invokeMethodConsideringTimeout(MethodInvocationHelper.java:69)
	at org.testng.internal.invokers.ConfigInvoker.invokeConfigurationMethod(ConfigInvoker.java:361)
	at org.testng.internal.invokers.ConfigInvoker.invokeConfigurations(ConfigInvoker.java:296)
	at org.testng.internal.invokers.TestMethodWorker.invokeBeforeClassMethods(TestMethodWorker.java:180)
	at org.testng.internal.invokers.TestMethodWorker.run(TestMethodWorker.java:122)
	at java.base/java.util.concurrent.ThreadPoolExecutor.runWorker(ThreadPoolExecutor.java:1136)
	at java.base/java.util.concurrent.ThreadPoolExecutor$Worker.run(ThreadPoolExecutor.java:635)
	at java.base/java.lang.Thread.run(Thread.java:833)
</pre></div></td>
<td>0</td>
<td>TestRunner@6ef888f6</td></tr>
</table><p>
</body>
</html>